Build started 9/14/2013 8:46:38 PM.
Project "C:\Github\PowerShellExperimental\HookPasswordReset\HookPasswordReset\HookPasswordReset.vcxproj" on node 2 (Rebuild target(s)).
ClCompile:
  C:\Program Files (x86)\Microsoft Visual Studio 11.0\VC\bin\x86_amd64\CL.exe /c /Zi /nologo /W3 /WX- /sdl /O2 /Oi /GL /D WIN32 /D NDEBUG /D _WINDOWS /D _USRDLL /D HOOKPASSWORDRESET_EXPORTS /D _WINDLL /D _UNICODE /D UNICODE /Gm- /EHsc /MD /GS /Gy /fp:precise /Zc:wchar_t /Zc:forScope /Yc"stdafx.h" /Fp"x64\Release\HookPasswordChange.pch" /Fo"x64\Release\\" /Fd"x64\Release\vc110.pdb" /Gd /TP /errorReport:prompt stdafx.cpp
  stdafx.cpp
  C:\Program Files (x86)\Microsoft Visual Studio 11.0\VC\bin\x86_amd64\CL.exe /c /Zi /nologo /W3 /WX- /sdl /O2 /Oi /GL /D WIN32 /D NDEBUG /D _WINDOWS /D _USRDLL /D HOOKPASSWORDRESET_EXPORTS /D _WINDLL /D _UNICODE /D UNICODE /Gm- /EHsc /MD /GS /Gy /fp:precise /Zc:wchar_t /Zc:forScope /Fo"x64\Release\\" /Fd"x64\Release\vc110.pdb" /Gd /TP /errorReport:prompt dllmain.cpp
  dllmain.cpp
  C:\Program Files (x86)\Microsoft Visual Studio 11.0\VC\bin\x86_amd64\CL.exe /c /Zi /nologo /W3 /WX- /sdl /O2 /Oi /GL /D WIN32 /D NDEBUG /D _WINDOWS /D _USRDLL /D HOOKPASSWORDRESET_EXPORTS /D _WINDLL /D _UNICODE /D UNICODE /Gm- /EHsc /MD /GS /Gy /fp:precise /Zc:wchar_t /Zc:forScope /Yu"stdafx.h" /Fp"x64\Release\HookPasswordChange.pch" /Fo"x64\Release\\" /Fd"x64\Release\vc110.pdb" /Gd /TP /errorReport:prompt HookPasswordChange.cpp
  HookPasswordChange.cpp
HookPasswordChange.cpp(145): warning C4244: '=' : conversion from 'UINT64' to 'BYTE', possible loss of data
Link:
  C:\Program Files (x86)\Microsoft Visual Studio 11.0\VC\bin\x86_amd64\link.exe /ERRORREPORT:PROMPT /OUT:"C:\Github\PowerShellExperimental\HookPasswordReset\x64\Release\HookPasswordChange.dll" /INCREMENTAL:NO /NOLOGO kernel32.lib user32.lib gdi32.lib winspool.lib comdlg32.lib advapi32.lib shell32.lib ole32.lib oleaut32.lib uuid.lib odbc32.lib odbccp32.lib /MANIFEST /MANIFESTUAC:"level='asInvoker' uiAccess='false'" /manifest:embed /DEBUG /PDB:"C:\Github\PowerShellExperimental\HookPasswordReset\x64\Release\HookPasswordChange.pdb" /SUBSYSTEM:WINDOWS /OPT:REF /OPT:ICF /LTCG /TLBID:1 /DYNAMICBASE /NXCOMPAT /IMPLIB:"C:\Github\PowerShellExperimental\HookPasswordReset\x64\Release\HookPasswordChange.lib" /MACHINE:X64 /DLL x64\Release\dllmain.obj
  x64\Release\HookPasswordChange.obj
  x64\Release\stdafx.obj
     Creating library C:\Github\PowerShellExperimental\HookPasswordReset\x64\Release\HookPasswordChange.lib and object C:\Github\PowerShellExperimental\HookPasswordReset\x64\Release\HookPasswordChange.exp
  Generating code
  Finished generating code
  HookPasswordReset.vcxproj -> C:\Github\PowerShellExperimental\HookPasswordReset\x64\Release\HookPasswordChange.dll
Done Building Project "C:\Github\PowerShellExperimental\HookPasswordReset\HookPasswordReset\HookPasswordReset.vcxproj" (Rebuild target(s)).

Build succeeded.

Time Elapsed 00:00:02.26
